[local] 5 -7 97.9167 (best c=32.0, g=0.0078125, rate=97.9167)
[local] -1 -7 89.5833 (best c=32.0, g=0.0078125, rate=97.9167)
[local] 5 -1 100.0 (best c=32.0, g=0.5, rate=100.0)
[local] -1 -1 97.9167 (best c=32.0, g=0.5, rate=100.0)
[local] 11 -7 97.9167 (best c=32.0, g=0.5, rate=100.0)
[local] 11 -1 100.0 (best c=32.0, g=0.5, rate=100.0)
[local] 5 -13 89.5833 (best c=32.0, g=0.5, rate=100.0)
[local] -1 -13 89.5833 (best c=32.0, g=0.5, rate=100.0)
[local] 11 -13 97.9167 (best c=32.0, g=0.5, rate=100.0)
[local] -3 -7 89.5833 (best c=32.0, g=0.5, rate=100.0)
[local] -3 -1 97.9167 (best c=32.0, g=0.5, rate=100.0)
[local] -3 -13 89.5833 (best c=32.0, g=0.5, rate=100.0)
[local] 5 1 97.9167 (best c=32.0, g=0.5, rate=100.0)
[local] -1 1 97.9167 (best c=32.0, g=0.5, rate=100.0)
[local] 11 1 97.9167 (best c=32.0, g=0.5, rate=100.0)
[local] -3 1 97.9167 (best c=32.0, g=0.5, rate=100.0)
[local] 9 -7 97.9167 (best c=32.0, g=0.5, rate=100.0)
[local] 9 -1 100.0 (best c=32.0, g=0.5, rate=100.0)
[local] 9 -13 97.9167 (best c=32.0, g=0.5, rate=100.0)
[local] 9 1 97.9167 (best c=32.0, g=0.5, rate=100.0)
[local] 5 -11 89.5833 (best c=32.0, g=0.5, rate=100.0)
[local] -1 -11 89.5833 (best c=32.0, g=0.5, rate=100.0)
[local] 11 -11 97.9167 (best c=32.0, g=0.5, rate=100.0)
[local] -3 -11 89.5833 (best c=32.0, g=0.5, rate=100.0)
[local] 9 -11 97.9167 (best c=32.0, g=0.5, rate=100.0)
[local] 3 -7 97.9167 (best c=32.0, g=0.5, rate=100.0)
[local] 3 -1 100.0 (best c=8.0, g=0.5, rate=100.0)
[local] 3 -13 89.5833 (best c=8.0, g=0.5, rate=100.0)
[local] 3 1 97.9167 (best c=8.0, g=0.5, rate=100.0)
[local] 3 -11 89.5833 (best c=8.0, g=0.5, rate=100.0)
[local] 5 -5 97.9167 (best c=8.0, g=0.5, rate=100.0)
[local] -1 -5 89.5833 (best c=8.0, g=0.5, rate=100.0)
[local] 11 -5 97.9167 (best c=8.0, g=0.5, rate=100.0)
[local] -3 -5 89.5833 (best c=8.0, g=0.5, rate=100.0)
[local] 9 -5 97.9167 (best c=8.0, g=0.5, rate=100.0)
[local] 3 -5 97.9167 (best c=8.0, g=0.5, rate=100.0)
[local] 15 -7 97.9167 (best c=8.0, g=0.5, rate=100.0)
[local] 15 -1 100.0 (best c=8.0, g=0.5, rate=100.0)
[local] 15 -13 97.9167 (best c=8.0, g=0.5, rate=100.0)
[local] 15 1 97.9167 (best c=8.0, g=0.5, rate=100.0)
[local] 15 -11 97.9167 (best c=8.0, g=0.5, rate=100.0)
[local] 15 -5 97.9167 (best c=8.0, g=0.5, rate=100.0)
log2c=-3 log2g=-9 rate=89.5833
log2c=9 log2g=-9 rate=97.9167
log2c=3 log2g=-9 rate=89.5833
log2c=15 log2g=-9 rate=97.9167
log2c=-5 log2g=-9 rate=89.5833
log2c=7 log2g=-9 rate=97.9167
log2c=1 log2g=-7 rate=89.5833
log2c=1 log2g=-1 rate=100.0
log2c=1 log2g=-13 rate=89.5833
log2c=1 log2g=1 rate=97.9167
log2c=1 log2g=-11 rate=89.5833
log2c=1 log2g=-5 rate=97.9167
log2c=1 log2g=-15 rate=89.5833
log2c=1 log2g=3 rate=95.8333
log2c=1 log2g=-9 rate=89.5833
log2c=5 log2g=-3 rate=97.9167
log2c=-1 log2g=-3 rate=95.8333
log2c=11 log2g=-3 rate=97.9167
log2c=-3 log2g=-3 rate=89.5833
log2c=9 log2g=-3 rate=97.9167
log2c=3 log2g=-3 rate=97.9167
log2c=15 log2g=-3 rate=97.9167
log2c=-5 log2g=-3 rate=89.5833
log2c=7 log2g=-3 rate=97.9167
log2c=1 log2g=-3 rate=97.9167
log2c=13 log2g=-7 rate=97.9167
log2c=13 log2g=-1 rate=100.0
log2c=13 log2g=-13 rate=97.9167
log2c=13 log2g=1 rate=97.9167
log2c=13 log2g=-11 rate=97.9167
log2c=13 log2g=-5 rate=97.9167
log2c=13 log2g=-15 rate=97.9167
log2c=13 log2g=3 rate=95.8333
log2c=13 log2g=-9 rate=97.9167
log2c=13 log2g=-3 rate=97.9167
ate=100.0)
[local] 15 3 95.8333 (best c=8.0, g=0.5, rate=100.0)
[local] -5 3 95.8333 (best c=8.0, g=0.5, rate=100.0)
[local] 7 -7 97.9167 (best c=8.0, g=0.5, rate=100.0)
[local] 7 -1 100.0 (best c=8.0, g=0.5, rate=100.0)
[local] 7 -13 89.5833 (best c=8.0, g=0.5, rate=100.0)
[local] 7 1 97.9167 (best c=8.0, g=0.5, rate=100.0)
[local] 7 -11 97.9167 (best c=8.0, g=0.5, rate=100.0)
[local] 7 -5 97.9167 (best c=8.0, g=0.5, rate=100.0)
[local] 7 -15 89.5833 (best c=8.0, g=0.5, rate=100.0)
[local] 7 3 95.8333 (best c=8.0, g=0.5, rate=100.0)
[local] 5 -9 97.9167 (best c=8.0, g=0.5, rate=100.0)
[local] -1 -9 89.5833 (best c=8.0, g=0.5, rate=100.0)
[local] 11 -9 97.9167 (best c=8.0, g=0.5, rate=100.0)
[local] -3 -9 89.5833 (best c=8.0, g=0.5, rate=100.0)
[local] 9 -9 97.9167 (best c=8.0, g=0.5, rate=100.0)
[local] 3 -9 89.5833 (best c=8.0, g=0.5, rate=100.0)
[local] 15 -9 97.9167 (best c=8.0, g=0.5, rate=100.0)
[local] -5 -9 89.5833 (best c=8.0, g=0.5, rate=100.0)
[local] 7 -9 97.9167 (best c=8.0, g=0.5, rate=100.0)
[local] 1 -7 89.5833 (best c=8.0, g=0.5, rate=100.0)
[local] 1 -1 100.0 (best c=2.0, g=0.5, rate=100.0)
[local] 1 -13 89.5833 (best c=2.0, g=0.5, rate=100.0)
[local] 1 1 97.9167 (best c=2.0, g=0.5, rate=100.0)
[local] 1 -11 89.5833 (best c=2.0, g=0.5, rate=100.0)
[local] 1 -5 97.9167 (best c=2.0, g=0.5, rate=100.0)
[local] 1 -15 89.5833 (best c=2.0, g=0.5, rate=100.0)
[local] 1 3 95.8333 (best c=2.0, g=0.5, rate=100.0)
[local] 1 -9 89.5833 (best c=2.0, g=0.5, rate=100.0)
[local] 5 -3 97.9167 (best c=2.0, g=0.5, rate=100.0)
[local] -1 -3 95.8333 (best c=2.0, g=0.5, rate=100.0)
[local] 11 -3 97.9167 (best c=2.0, g=0.5, rate=100.0)
[local] -3 -3 89.5833 (best c=2.0, g=0.5, rate=100.0)
[local] 9 -3 97.9167 (best c=2.0, g=0.5, rate=100.0)
[local] 3 -3 97.9167 (best c=2.0, g=0.5, rate=100.0)
[local] 15 -3 97.9167 (best c=2.0, g=0.5, rate=100.0)
[local] -5 -3 89.5833 (best c=2.0, g=0.5, rate=100.0)
[local] 7 -3 97.9167 (best c=2.0, g=0.5, rate=100.0)
[local] 1 -3 97.9167 (best c=2.0, g=0.5, rate=100.0)
[local] 13 -7 97.9167 (best c=2.0, g=0.5, rate=100.0)
[local] 13 -1 100.0 (best c=2.0, g=0.5, rate=100.0)
[local] 13 -13 97.9167 (best c=2.0, g=0.5, rate=100.0)
[local] 13 1 97.9167 (best c=2.0, g=0.5, rate=100.0)
[local] 13 -11 97.9167 (best c=2.0, g=0.5, rate=100.0)
[local] 13 -5 97.9167 (best c=2.0, g=0.5, rate=100.0)
[local] 13 -15 97.9167 (best c=2.0, g=0.5, rate=100.0)
[local] 13 3 95.8333 (best c=2.0, g=0.5, rate=100.0)
[local] 13 -9 97.9167 (best c=2.0, g=0.5, rate=100.0)
[local] 13 -3 97.9167 (best c=2.0, g=0.5, rate=100.0)
2.0 0.5 100.0
