[local] 5 -7 89.5833 (best c=32.0, g=0.0078125, rate=89.5833)
[local] -1 -7 89.5833 (best c=0.5, g=0.0078125, rate=89.5833)
[local] 5 -1 93.75 (best c=32.0, g=0.5, rate=93.75)
[local] -1 -1 95.8333 (best c=0.5, g=0.5, rate=95.8333)
[local] 11 -7 89.5833 (best c=0.5, g=0.5, rate=95.8333)
[local] 11 -1 93.75 (best c=0.5, g=0.5, rate=95.8333)
[local] 5 -13 89.5833 (best c=0.5, g=0.5, rate=95.8333)
[local] -1 -13 89.5833 (best c=0.5, g=0.5, rate=95.8333)
[local] 11 -13 89.5833 (best c=0.5, g=0.5, rate=95.8333)
[local] -3 -7 89.5833 (best c=0.5, g=0.5, rate=95.8333)
[local] -3 -1 95.8333 (best c=0.125, g=0.5, rate=95.8333)
[local] -3 -13 89.5833 (best c=0.125, g=0.5, rate=95.8333)
[local] 5 1 93.75 (best c=0.125, g=0.5, rate=95.8333)
[local] -1 1 93.75 (best c=0.125, g=0.5, rate=95.8333)
[local] 11 1 93.75 (best c=0.125, g=0.5, rate=95.8333)
[local] -3 1 93.75 (best c=0.125, g=0.5, rate=95.8333)
[local] 9 -7 89.5833 (best c=0.125, g=0.5, rate=95.8333)
[local] 9 -1 93.75 (best c=0.125, g=0.5, rate=95.8333)
[local] 9 -13 89.5833 (best c=0.125, g=0.5, rate=95.8333)
[local] 9 1 93.75 (best c=0.125, g=0.5, rate=95.8333)
[local] 5 -11 89.5833 (best c=0.125, g=0.5, rate=95.8333)
[local] -1 -11 89.5833 (best c=0.125, g=0.5, rate=95.8333)
[local] 11 -11 89.5833 (best c=0.125, g=0.5, rate=95.8333)
[local] -3 -11 89.5833 (best c=0.125, g=0.5, rate=95.8333)
[local] 9 -11 89.5833 (best c=0.125, g=0.5, rate=95.8333)
[local] 3 -7 89.5833 (best c=0.125, g=0.5, rate=95.8333)
[local] 3 -1 93.75 (best c=0.125, g=0.5, rate=95.8333)
[local] 3 -13 89.5833 (best c=0.125, g=0.5, rate=95.8333)
[local] 3 1 93.75 (best c=0.125, g=0.5, rate=95.8333)
[local] 3 -11 89.5833 (best c=0.125, g=0.5, rate=95.8333)
[local] 5 -5 89.5833 (best c=0.125, g=0.5, rate=95.8333)
[local] -1 -5 89.5833 (best c=0.125, g=0.5, rate=95.8333)
[local] 11 -5 95.8333 (best c=0.125, g=0.5, rate=95.8333)
[local] -3 -5 89.5833 (best c=0.125, g=0.5, rate=95.8333)
[local] 9 -5 95.8333 (best c=0.125, g=0.5, rate=95.8333)
[local] 3 -5 89.5833 (best c=0.125, g=0.5, rate=95.8333)
[local] 15 -7 95.8333 (best c=0.125, g=0.5, rate=95.8333)
[local] 15 -1 93.75 (best c=0.125, g=0.5, rate=95.833log2c=5 log2g=-9 rate=89.5833
log2c=-1 log2g=-9 rate=89.5833
log2c=11 log2g=-9 rate=89.5833
log2c=-3 log2g=-9 rate=89.5833
log2c=9 log2g=-9 rate=89.5833
log2c=3 log2g=-9 rate=89.5833
log2c=15 log2g=-9 rate=89.5833
log2c=-5 log2g=-9 rate=89.5833
log2c=7 log2g=-9 rate=89.5833
log2c=1 log2g=-7 rate=89.5833
log2c=1 log2g=-1 rate=93.75
log2c=1 log2g=-13 rate=89.5833
log2c=1 log2g=1 rate=93.75
log2c=1 log2g=-11 rate=89.5833
log2c=1 log2g=-5 rate=89.5833
log2c=1 log2g=-15 rate=89.5833
log2c=1 log2g=3 rate=93.75
log2c=1 log2g=-9 rate=89.5833
log2c=5 log2g=-3 rate=95.8333
log2c=-1 log2g=-3 rate=89.5833
log2c=11 log2g=-3 rate=93.75
log2c=-3 log2g=-3 rate=89.5833
log2c=9 log2g=-3 rate=93.75
log2c=3 log2g=-3 rate=95.8333
log2c=15 log2g=-3 rate=93.75
log2c=-5 log2g=-3 rate=89.5833
log2c=7 log2g=-3 rate=93.75
log2c=1 log2g=-3 rate=91.6667
log2c=13 log2g=-7 rate=91.6667
log2c=13 log2g=-1 rate=93.75
log2c=13 log2g=-13 rate=89.5833
log2c=13 log2g=1 rate=93.75
log2c=13 log2g=-11 rate=89.5833
log2c=13 log2g=-5 rate=93.75
log2c=13 log2g=-15 rate=89.5833
log2c=13 log2g=3 rate=93.75
log2c=13 log2g=-9 rate=89.5833
log2c=13 log2g=-3 rate=93.75
0.5, rate=95.8333)
[local] 11 3 93.75 (best c=0.125, g=0.5, rate=95.8333)
[local] -3 3 93.75 (best c=0.125, g=0.5, rate=95.8333)
[local] 9 3 93.75 (best c=0.125, g=0.5, rate=95.8333)
[local] 3 3 93.75 (best c=0.125, g=0.5, rate=95.8333)
[local] 15 3 93.75 (best c=0.125, g=0.5, rate=95.8333)
[local] -5 3 93.75 (best c=0.125, g=0.5, rate=95.8333)
[local] 7 -7 89.5833 (best c=0.125, g=0.5, rate=95.8333)
[local] 7 -1 93.75 (best c=0.125, g=0.5, rate=95.8333)
[local] 7 -13 89.5833 (best c=0.125, g=0.5, rate=95.8333)
[local] 7 1 93.75 (best c=0.125, g=0.5, rate=95.8333)
[local] 7 -11 89.5833 (best c=0.125, g=0.5, rate=95.8333)
[local] 7 -5 91.6667 (best c=0.125, g=0.5, rate=95.8333)
[local] 7 -15 89.5833 (best c=0.125, g=0.5, rate=95.8333)
[local] 7 3 93.75 (best c=0.125, g=0.5, rate=95.8333)
[local] 5 -9 89.5833 (best c=0.125, g=0.5, rate=95.8333)
[local] -1 -9 89.5833 (best c=0.125, g=0.5, rate=95.8333)
[local] 11 -9 89.5833 (best c=0.125, g=0.5, rate=95.8333)
[local] -3 -9 89.5833 (best c=0.125, g=0.5, rate=95.8333)
[local] 9 -9 89.5833 (best c=0.125, g=0.5, rate=95.8333)
[local] 3 -9 89.5833 (best c=0.125, g=0.5, rate=95.8333)
[local] 15 -9 89.5833 (best c=0.125, g=0.5, rate=95.8333)
[local] -5 -9 89.5833 (best c=0.125, g=0.5, rate=95.8333)
[local] 7 -9 89.5833 (best c=0.125, g=0.5, rate=95.8333)
[local] 1 -7 89.5833 (best c=0.125, g=0.5, rate=95.8333)
[local] 1 -1 93.75 (best c=0.125, g=0.5, rate=95.8333)
[local] 1 -13 89.5833 (best c=0.125, g=0.5, rate=95.8333)
[local] 1 1 93.75 (best c=0.125, g=0.5, rate=95.8333)
[local] 1 -11 89.5833 (best c=0.125, g=0.5, rate=95.8333)
[local] 1 -5 89.5833 (best c=0.125, g=0.5, rate=95.8333)
[local] 1 -15 89.5833 (best c=0.125, g=0.5, rate=95.8333)
[local] 1 3 93.75 (best c=0.125, g=0.5, rate=95.8333)
[local] 1 -9 89.5833 (best c=0.125, g=0.5, rate=95.8333)
[local] 5 -3 95.8333 (best c=0.125, g=0.5, rate=95.8333)
[local] -1 -3 89.5833 (best c=0.125, g=0.5, rate=95.8333)
[local] 11 -3 93.75 (best c=0.125, g=0.5, rate=95.8333)
[local] -3 -3 89.5833 (best c=0.125, g=0.5, rate=95.8333)
[local] 9 -3 93.75 (best c=0.125, g=0.5, rate=95.8333)
[local] 3 -3 95.8333 (best c=0.125, g=0.5, rate=95.8333)
[local] 15 -3 93.75 (best c=0.125, g=0.5, rate=95.8333)
[local] -5 -3 89.5833 (best c=0.125, g=0.5, rate=95.8333)
[local] 7 -3 93.75 (best c=0.125, g=0.5, rate=95.8333)
[local] 1 -3 91.6667 (best c=0.125, g=0.5, rate=95.8333)
[local] 13 -7 91.6667 (best c=0.125, g=0.5, rate=95.8333)
[local] 13 -1 93.75 (best c=0.125, g=0.5, rate=95.8333)
[local] 13 -13 89.5833 (best c=0.125, g=0.5, rate=95.8333)
[local] 13 1 93.75 (best c=0.125, g=0.5, rate=95.8333)
[local] 13 -11 89.5833 (best c=0.125, g=0.5, rate=95.8333)
[local] 13 -5 93.75 (best c=0.125, g=0.5, rate=95.8333)
[local] 13 -15 89.5833 (best c=0.125, g=0.5, rate=95.8333)
[local] 13 3 93.75 (best c=0.125, g=0.5, rate=95.8333)
[local] 13 -9 89.5833 (best c=0.125, g=0.5, rate=95.8333)
[local] 13 -3 93.75 (best c=0.125, g=0.5, rate=95.8333)
0.125 0.5 95.8333
