[local] 5 -7 97.9167 (best c=32.0, g=0.0078125, rate=97.9167)
[local] -1 -7 89.5833 (best c=32.0, g=0.0078125, rate=97.9167)
[local] 5 -1 95.8333 (best c=32.0, g=0.0078125, rate=97.9167)
[local] -1 -1 95.8333 (best c=32.0, g=0.0078125, rate=97.9167)
[local] 11 -7 97.9167 (best c=32.0, g=0.0078125, rate=97.9167)
[local] 11 -1 97.9167 (best c=32.0, g=0.0078125, rate=97.9167)
[local] 5 -13 89.5833 (best c=32.0, g=0.0078125, rate=97.9167)
[local] -1 -13 89.5833 (best c=32.0, g=0.0078125, rate=97.9167)
[local] 11 -13 97.9167 (best c=32.0, g=0.0078125, rate=97.9167)
[local] -3 -7 89.5833 (best c=32.0, g=0.0078125, rate=97.9167)
[local] -3 -1 89.5833 (best c=32.0, g=0.0078125, rate=97.9167)
[local] -3 -13 89.5833 (best c=32.0, g=0.0078125, rate=97.9167)
[local] 5 1 68.75 (best c=32.0, g=0.0078125, rate=97.9167)
[local] -1 1 79.1667 (best c=32.0, g=0.0078125, rate=97.9167)
[local] 11 1 68.75 (best c=32.0, g=0.0078125, rate=97.9167)
[local] -3 1 89.5833 (best c=32.0, g=0.0078125, rate=97.9167)
[local] 9 -7 97.9167 (best c=32.0, g=0.0078125, rate=97.9167)
[local] 9 -1 97.9167 (best c=32.0, g=0.0078125, rate=97.9167)
[local] 9 -13 93.75 (best c=32.0, g=0.0078125, rate=97.9167)
[local] 9 1 68.75 (best c=32.0, g=0.0078125, rate=97.9167)
[local] 5 -11 89.5833 (best c=32.0, g=0.0078125, rate=97.9167)
[local] -1 -11 89.5833 (best c=32.0, g=0.0078125, rate=97.9167)
[local] 11 -11 97.9167 (best c=32.0, g=0.0078125, rate=97.9167)
[local] -3 -11 89.5833 (best c=32.0, g=0.0078125, rate=97.9167)
[local] 9 -11 97.9167 (best c=32.0, g=0.0078125, rate=97.9167)
[local] 3 -7 93.75 (best c=32.0, g=0.0078125, rate=97.9167)
[local] 3 -1 93.75 (best c=32.0, g=0.0078125, rate=97.9167)
[local] 3 -13 89.5833 (best c=32.0, g=0.0078125, rate=97.9167)
[local] 3 1 77.0833 (best c=32.0, g=0.0078125, rate=97.9167)
[local] 3 -11 89.5833 (best c=32.0, g=0.0078125, rate=97.9167)
[local] 5 -5 97.9167 (best c=32.0, g=0.0078125, rate=97.9167)
[local] -1 -5 89.5833 (best c=32.0, g=0.0078125,log2c=7 log2g=-1 rate=93.75
log2c=7 log2g=-13 rate=89.5833
log2c=7 log2g=1 rate=68.75
log2c=7 log2g=-11 rate=93.75
log2c=7 log2g=-5 rate=97.9167
log2c=7 log2g=-15 rate=89.5833
log2c=7 log2g=3 rate=66.6667
log2c=5 log2g=-9 rate=93.75
log2c=-1 log2g=-9 rate=89.5833
log2c=11 log2g=-9 rate=97.9167
log2c=-3 log2g=-9 rate=89.5833
log2c=9 log2g=-9 rate=97.9167
log2c=3 log2g=-9 rate=89.5833
log2c=15 log2g=-9 rate=97.9167
log2c=-5 log2g=-9 rate=89.5833
log2c=7 log2g=-9 rate=97.9167
log2c=1 log2g=-7 rate=89.5833
log2c=1 log2g=-1 rate=97.9167
log2c=1 log2g=-13 rate=89.5833
log2c=1 log2g=1 rate=72.9167
log2c=1 log2g=-11 rate=89.5833
log2c=1 log2g=-5 rate=93.75
log2c=1 log2g=-15 rate=89.5833
log2c=1 log2g=3 rate=62.5
log2c=1 log2g=-9 rate=89.5833
log2c=5 log2g=-3 rate=97.9167
log2c=-1 log2g=-3 rate=93.75
log2c=11 log2g=-3 rate=97.9167
log2c=-3 log2g=-3 rate=89.5833
log2c=9 log2g=-3 rate=97.9167
log2c=3 log2g=-3 rate=97.9167
log2c=15 log2g=-3 rate=97.9167
log2c=-5 log2g=-3 rate=89.5833
log2c=7 log2g=-3 rate=97.9167
log2c=1 log2g=-3 rate=97.9167
log2c=13 log2g=-7 rate=97.9167
log2c=13 log2g=-1 rate=97.9167
log2c=13 log2g=-13 rate=97.9167
log2c=13 log2g=1 rate=68.75
log2c=13 log2g=-11 rate=97.9167
log2c=13 log2g=-5 rate=97.9167
log2c=13 log2g=-15 rate=97.9167
log2c=13 log2g=3 rate=75.0
log2c=13 log2g=-9 rate=97.9167
log2c=13 log2g=-3 rate=97.9167
833 (best c=32.0, g=0.0078125, rate=97.9167)
[local] -5 -5 89.5833 (best c=32.0, g=0.0078125, rate=97.9167)
[local] -5 -15 89.5833 (best c=32.0, g=0.0078125, rate=97.9167)
[local] 5 3 66.6667 (best c=32.0, g=0.0078125, rate=97.9167)
[local] -1 3 70.8333 (best c=32.0, g=0.0078125, rate=97.9167)
[local] 11 3 66.6667 (best c=32.0, g=0.0078125, rate=97.9167)
[local] -3 3 85.4167 (best c=32.0, g=0.0078125, rate=97.9167)
[local] 9 3 66.6667 (best c=32.0, g=0.0078125, rate=97.9167)
[local] 3 3 64.5833 (best c=32.0, g=0.0078125, rate=97.9167)
[local] 15 3 70.8333 (best c=32.0, g=0.0078125, rate=97.9167)
[local] -5 3 85.4167 (best c=32.0, g=0.0078125, rate=97.9167)
[local] 7 -7 97.9167 (best c=32.0, g=0.0078125, rate=97.9167)
[local] 7 -1 93.75 (best c=32.0, g=0.0078125, rate=97.9167)
[local] 7 -13 89.5833 (best c=32.0, g=0.0078125, rate=97.9167)
[local] 7 1 68.75 (best c=32.0, g=0.0078125, rate=97.9167)
[local] 7 -11 93.75 (best c=32.0, g=0.0078125, rate=97.9167)
[local] 7 -5 97.9167 (best c=32.0, g=0.0078125, rate=97.9167)
[local] 7 -15 89.5833 (best c=32.0, g=0.0078125, rate=97.9167)
[local] 7 3 66.6667 (best c=32.0, g=0.0078125, rate=97.9167)
[local] 5 -9 93.75 (best c=32.0, g=0.0078125, rate=97.9167)
[local] -1 -9 89.5833 (best c=32.0, g=0.0078125, rate=97.9167)
[local] 11 -9 97.9167 (best c=32.0, g=0.0078125, rate=97.9167)
[local] -3 -9 89.5833 (best c=32.0, g=0.0078125, rate=97.9167)
[local] 9 -9 97.9167 (best c=32.0, g=0.0078125, rate=97.9167)
[local] 3 -9 89.5833 (best c=32.0, g=0.0078125, rate=97.9167)
[local] 15 -9 97.9167 (best c=32.0, g=0.0078125, rate=97.9167)
[local] -5 -9 89.5833 (best c=32.0, g=0.0078125, rate=97.9167)
[local] 7 -9 97.9167 (best c=32.0, g=0.0078125, rate=97.9167)
[local] 1 -7 89.5833 (best c=32.0, g=0.0078125, rate=97.9167)
[local] 1 -1 97.9167 (best c=32.0, g=0.0078125, rate=97.9167)
[local] 1 -13 89.5833 (best c=32.0, g=0.0078125, rate=97.9167)
[local] 1 1 72.9167 (best c=32.0, g=0.0078125, rate=97.9167)
[local] 1 -11 89.5833 (best c=32.0, g=0.0078125, rate=97.9167)
[local] 1 -5 93.75 (best c=32.0, g=0.0078125, rate=97.9167)
[local] 1 -15 89.5833 (best c=32.0, g=0.0078125, rate=97.9167)
[local] 1 3 62.5 (best c=32.0, g=0.0078125, rate=97.9167)
[local] 1 -9 89.5833 (best c=32.0, g=0.0078125, rate=97.9167)
[local] 5 -3 97.9167 (best c=32.0, g=0.0078125, rate=97.9167)
[local] -1 -3 93.75 (best c=32.0, g=0.0078125, rate=97.9167)
[local] 11 -3 97.9167 (best c=32.0, g=0.0078125, rate=97.9167)
[local] -3 -3 89.5833 (best c=32.0, g=0.0078125, rate=97.9167)
[local] 9 -3 97.9167 (best c=32.0, g=0.0078125, rate=97.9167)
[local] 3 -3 97.9167 (best c=32.0, g=0.0078125, rate=97.9167)
[local] 15 -3 97.9167 (best c=32.0, g=0.0078125, rate=97.9167)
[local] -5 -3 89.5833 (best c=32.0, g=0.0078125, rate=97.9167)
[local] 7 -3 97.9167 (best c=32.0, g=0.0078125, rate=97.9167)
[local] 1 -3 97.9167 (best c=32.0, g=0.0078125, rate=97.9167)
[local] 13 -7 97.9167 (best c=32.0, g=0.0078125, rate=97.9167)
[local] 13 -1 97.9167 (best c=32.0, g=0.0078125, rate=97.9167)
[local] 13 -13 97.9167 (best c=32.0, g=0.0078125, rate=97.9167)
[local] 13 1 68.75 (best c=32.0, g=0.0078125, rate=97.9167)
[local] 13 -11 97.9167 (best c=32.0, g=0.0078125, rate=97.9167)
[local] 13 -5 97.9167 (best c=32.0, g=0.0078125, rate=97.9167)
[local] 13 -15 97.9167 (best c=32.0, g=0.0078125, rate=97.9167)
[local] 13 3 75.0 (best c=32.0, g=0.0078125, rate=97.9167)
[local] 13 -9 97.9167 (best c=32.0, g=0.0078125, rate=97.9167)
[local] 13 -3 97.9167 (best c=32.0, g=0.0078125, rate=97.9167)
32.0 0.0078125 97.9167
